=== Backup started: 2026-05-24_03-35 ===
✓ discipline_committee_linux backed up successfully
✓ hospitalhandover backed up successfully
✓ plan_production backed up successfully
Old backups cleaned
✓ Pushed to GitHub successfully
=== Backup completed: 2026-05-24_03-36 ===

=== Backup started: 2026-05-24_04-00 ===
✓ discipline_committee_linux backed up successfully
✓ hospitalhandover backed up successfully
✓ plan_production backed up successfully
Old backups cleaned
✓ Pushed to GitHub successfully
=== Backup completed: 2026-05-24_04-00 ===

=== Backup started: 2026-05-25_04-00 ===
✓ discipline_committee_linux backed up successfully
✓ hospitalhandover backed up successfully
✓ plan_production backed up successfully
Old backups cleaned
✗ GitHub push FAILED
=== Backup completed: 2026-05-25_04-00 ===

=== Backup started: 2026-05-26_04-00 ===
✓ discipline_committee_linux backed up successfully
✓ hospitalhandover backed up successfully
✓ plan_production backed up successfully
Old backups cleaned
✗ GitHub push FAILED
=== Backup completed: 2026-05-26_04-01 ===

=== Backup started: 2026-05-29_04-00 ===
✓ discipline_committee_linux backed up successfully
✓ hospitalhandover backed up successfully
✓ plan_production backed up successfully
Old backups cleaned
✗ GitHub push FAILED
=== Backup completed: 2026-05-29_04-00 ===

=== Backup started: 2026-05-31_04-00 ===
✓ discipline_committee_linux backed up successfully
✓ hospitalhandover backed up successfully
✓ plan_production backed up successfully
Old backups cleaned
✗ GitHub push FAILED
=== Backup completed: 2026-05-31_04-00 ===

=== Backup started: 2026-06-01_04-00 ===
✓ discipline_committee_linux backed up successfully
✓ hospitalhandover backed up successfully
✓ plan_production backed up successfully
Old backups cleaned
✗ GitHub push FAILED
=== Backup completed: 2026-06-01_04-00 ===

=== Backup started: 2026-06-02_04-00 ===
✓ discipline_committee_linux backed up successfully
✓ hospitalhandover backed up successfully
✓ plan_production backed up successfully
Old backups cleaned
✗ GitHub push FAILED
=== Backup completed: 2026-06-02_04-00 ===

=== Backup started: 2026-06-03_04-00 ===
✓ discipline_committee_linux backed up successfully
✓ hospitalhandover backed up successfully
✓ plan_production backed up successfully
Old backups cleaned
