Warning: Using a password on the command line interface can be insecure.
Warning: Using a password on the command line interface can be insecure.
Warning: Using a password on the command line interface can be insecure.
[main 7be72f9] Automated backup: 2026-05-24_04-00
 5 files changed, 11 insertions(+)
 create mode 100644 databases/discipline_committee_linux_2026-05-24_04-00.sql.gz
 create mode 100644 databases/hospitalhandover_2026-05-24_04-00.sql.gz
 create mode 100644 databases/plan_production_2026-05-24_04-00.sql.gz
 create mode 100644 logs/cron.log
remote: This repository moved. Please use the new location:        
remote:   git@github.com:HWD2025/servicehub-contracts.git        
To git@github.com:HWD2025/hospital-docs.git
   63915f4..7be72f9  main -> main
Warning: Using a password on the command line interface can be insecure.
Warning: Using a password on the command line interface can be insecure.
Warning: Using a password on the command line interface can be insecure.
[main f349bae] Automated backup: 2026-05-25_04-00
 5 files changed, 21 insertions(+)
 create mode 100644 databases/discipline_committee_linux_2026-05-25_04-00.sql.gz
 create mode 100644 databases/hospitalhandover_2026-05-25_04-00.sql.gz
 create mode 100644 databases/plan_production_2026-05-25_04-00.sql.gz
To git@github.com:HWD2025/hospital-docs.git
 ! [rejected]        main -> main (fetch first)
error: failed to push some refs to 'git@github.com:HWD2025/hospital-docs.git'
hint: Updates were rejected because the remote contains work that you do
hint: not have locally. This is usually caused by another repository pushing
hint: to the same ref. You may want to first merge the remote changes (e.g.,
hint: 'git pull') before pushing again.
hint: See the 'Note about fast-forwards' in 'git push --help' for details.
Warning: Using a password on the command line interface can be insecure.
Warning: Using a password on the command line interface can be insecure.
Warning: Using a password on the command line interface can be insecure.
[main 7f1b38f] Automated backup: 2026-05-26_04-00
 5 files changed, 24 insertions(+)
 create mode 100644 databases/discipline_committee_linux_2026-05-26_04-00.sql.gz
 create mode 100644 databases/hospitalhandover_2026-05-26_04-00.sql.gz
 create mode 100644 databases/plan_production_2026-05-26_04-00.sql.gz
To git@github.com:HWD2025/hospital-docs.git
 ! [rejected]        main -> main (fetch first)
error: failed to push some refs to 'git@github.com:HWD2025/hospital-docs.git'
hint: Updates were rejected because the remote contains work that you do
hint: not have locally. This is usually caused by another repository pushing
hint: to the same ref. You may want to first merge the remote changes (e.g.,
hint: 'git pull') before pushing again.
hint: See the 'Note about fast-forwards' in 'git push --help' for details.
Warning: Using a password on the command line interface can be insecure.
Warning: Using a password on the command line interface can be insecure.
Warning: Using a password on the command line interface can be insecure.
[main ceb5af5] Automated backup: 2026-05-29_04-00
 5 files changed, 24 insertions(+)
 create mode 100644 databases/discipline_committee_linux_2026-05-29_04-00.sql.gz
 create mode 100644 databases/hospitalhandover_2026-05-29_04-00.sql.gz
 create mode 100644 databases/plan_production_2026-05-29_04-00.sql.gz
To git@github.com:HWD2025/hospital-docs.git
 ! [rejected]        main -> main (fetch first)
error: failed to push some refs to 'git@github.com:HWD2025/hospital-docs.git'
hint: Updates were rejected because the remote contains work that you do
hint: not have locally. This is usually caused by another repository pushing
hint: to the same ref. You may want to first merge the remote changes (e.g.,
hint: 'git pull') before pushing again.
hint: See the 'Note about fast-forwards' in 'git push --help' for details.
Warning: Using a password on the command line interface can be insecure.
Warning: Using a password on the command line interface can be insecure.
Warning: Using a password on the command line interface can be insecure.
[main 835c225] Automated backup: 2026-05-31_04-00
 5 files changed, 24 insertions(+)
 create mode 100644 databases/discipline_committee_linux_2026-05-31_04-00.sql.gz
 create mode 100644 databases/hospitalhandover_2026-05-31_04-00.sql.gz
 create mode 100644 databases/plan_production_2026-05-31_04-00.sql.gz
To git@github.com:HWD2025/hospital-docs.git
 ! [rejected]        main -> main (fetch first)
error: failed to push some refs to 'git@github.com:HWD2025/hospital-docs.git'
hint: Updates were rejected because the remote contains work that you do
hint: not have locally. This is usually caused by another repository pushing
hint: to the same ref. You may want to first merge the remote changes (e.g.,
hint: 'git pull') before pushing again.
hint: See the 'Note about fast-forwards' in 'git push --help' for details.
Warning: Using a password on the command line interface can be insecure.
Warning: Using a password on the command line interface can be insecure.
Warning: Using a password on the command line interface can be insecure.
[main 71c7457] Automated backup: 2026-06-01_04-00
 5 files changed, 24 insertions(+)
 create mode 100644 databases/discipline_committee_linux_2026-06-01_04-00.sql.gz
 create mode 100644 databases/hospitalhandover_2026-06-01_04-00.sql.gz
 create mode 100644 databases/plan_production_2026-06-01_04-00.sql.gz
To git@github.com:HWD2025/hospital-docs.git
 ! [rejected]        main -> main (fetch first)
error: failed to push some refs to 'git@github.com:HWD2025/hospital-docs.git'
hint: Updates were rejected because the remote contains work that you do
hint: not have locally. This is usually caused by another repository pushing
hint: to the same ref. You may want to first merge the remote changes (e.g.,
hint: 'git pull') before pushing again.
hint: See the 'Note about fast-forwards' in 'git push --help' for details.
Warning: Using a password on the command line interface can be insecure.
Warning: Using a password on the command line interface can be insecure.
Warning: Using a password on the command line interface can be insecure.
[main 54c053e] Automated backup: 2026-06-02_04-00
 5 files changed, 24 insertions(+)
 create mode 100644 databases/discipline_committee_linux_2026-06-02_04-00.sql.gz
 create mode 100644 databases/hospitalhandover_2026-06-02_04-00.sql.gz
 create mode 100644 databases/plan_production_2026-06-02_04-00.sql.gz
To git@github.com:HWD2025/hospital-docs.git
 ! [rejected]        main -> main (fetch first)
error: failed to push some refs to 'git@github.com:HWD2025/hospital-docs.git'
hint: Updates were rejected because the remote contains work that you do
hint: not have locally. This is usually caused by another repository pushing
hint: to the same ref. You may want to first merge the remote changes (e.g.,
hint: 'git pull') before pushing again.
hint: See the 'Note about fast-forwards' in 'git push --help' for details.
Warning: Using a password on the command line interface can be insecure.
Warning: Using a password on the command line interface can be insecure.
Warning: Using a password on the command line interface can be insecure.
[main 1251ebe] Automated backup: 2026-06-03_04-00
 5 files changed, 24 insertions(+)
 create mode 100644 databases/discipline_committee_linux_2026-06-03_04-00.sql.gz
 create mode 100644 databases/hospitalhandover_2026-06-03_04-00.sql.gz
 create mode 100644 databases/plan_production_2026-06-03_04-00.sql.gz
To git@github.com:HWD2025/hospital-docs.git
 ! [rejected]        main -> main (fetch first)
error: failed to push some refs to 'git@github.com:HWD2025/hospital-docs.git'
hint: Updates were rejected because the remote contains work that you do
hint: not have locally. This is usually caused by another repository pushing
hint: to the same ref. You may want to first merge the remote changes (e.g.,
hint: 'git pull') before pushing again.
hint: See the 'Note about fast-forwards' in 'git push --help' for details.
Warning: Using a password on the command line interface can be insecure.
Warning: Using a password on the command line interface can be insecure.
Warning: Using a password on the command line interface can be insecure.
[main 485b0eb] Automated backup: 2026-06-04_04-00
 5 files changed, 24 insertions(+)
 create mode 100644 databases/discipline_committee_linux_2026-06-04_04-00.sql.gz
 create mode 100644 databases/hospitalhandover_2026-06-04_04-00.sql.gz
 create mode 100644 databases/plan_production_2026-06-04_04-00.sql.gz
To git@github.com:HWD2025/hospital-docs.git
 ! [rejected]        main -> main (fetch first)
error: failed to push some refs to 'git@github.com:HWD2025/hospital-docs.git'
hint: Updates were rejected because the remote contains work that you do
hint: not have locally. This is usually caused by another repository pushing
hint: to the same ref. You may want to first merge the remote changes (e.g.,
hint: 'git pull') before pushing again.
hint: See the 'Note about fast-forwards' in 'git push --help' for details.
Warning: Using a password on the command line interface can be insecure.
Warning: Using a password on the command line interface can be insecure.
Warning: Using a password on the command line interface can be insecure.
